<?xml version="1.0" encoding="UTF-8"?>
<!-- Generated by org.testng.reporters.JUnitReportReporter -->
<testsuite hostname="apples-MBP" failures="0" tests="2" name="com.mb.MVNJenkinTest.TestngTest" time="0.009" errors="0" timestamp="2021-02-09T10:53:57 IST" skipped="0">
  <testcase classname="com.mb.MVNJenkinTest.TestngTest" name="testCase1" time="0.007"/>
  <system-out/>
  <testcase classname="com.mb.MVNJenkinTest.TestngTest" name="testCase2" time="0.002"/>
  <system-out/>
</testsuite> <!-- com.mb.MVNJenkinTest.TestngTest -->
